<?xml version="1.0" encoding="UTF-8"?>
<!-- Generated by org.testng.reporters.JUnitXMLReporter -->
<testsuite ignored="1" hostname="LAPTOP-61BL446C" failures="0" tests="3" name="Test" time="0.092" errors="0" timestamp="2025-08-14T18:18:26 IST">
  <testcase classname="testingGroups.GroupsTesting" name="test1" time="0.016"/>
  <testcase classname="testingGroups.GroupsTesting" name="test3" time="0.001"/>
  <testcase classname="testingGroups.GroupsTesting" name="test4" time="0.002"/>
  <testcase classname="testingGroups.GroupsTesting" name="test2" time="0.0">
    <ignored/>
  </testcase> <!-- test2 -->
</testsuite> <!-- Test -->
