<?xml version="1.0" encoding="UTF-8"?>
<testng-results ignored="0" total="2" passed="2" failed="0" skipped="0">
  <reporter-output>
  </reporter-output>
  <suite started-at="2025-08-12T12:14:24 IST" name="Default suite" finished-at="2025-08-12T12:14:39 IST" duration-ms="14887">
    <groups>
    </groups>
    <test started-at="2025-08-12T12:14:24 IST" name="Default test" finished-at="2025-08-12T12:14:39 IST" duration-ms="14887">
      <class name="testDemo1.Automation1">
        <test-method is-config="true" signature="LaunchBrowser()[pri:0, instance:testDemo1.Automation1@815b41f]" started-at="2025-08-12T12:14:24 IST" name="LaunchBrowser" finished-at="2025-08-12T12:14:33 IST" duration-ms="8360" status="PASS">
          <reporter-output>
          </reporter-output>
        </test-method> <!-- LaunchBrowser -->
        <test-method signature="RegisterUser()[pri:0, instance:testDemo1.Automation1@815b41f]" started-at="2025-08-12T12:14:33 IST" name="RegisterUser" finished-at="2025-08-12T12:14:37 IST" duration-ms="4527" status="PASS">
          <reporter-output>
          </reporter-output>
        </test-method> <!-- RegisterUser -->
        <test-method signature="launchGoogle()[pri:0, instance:testDemo1.Automation1@815b41f]" started-at="2025-08-12T12:14:37 IST" name="launchGoogle" finished-at="2025-08-12T12:14:39 IST" duration-ms="1925" status="PASS">
          <reporter-output>
          </reporter-output>
        </test-method> <!-- launchGoogle -->
      </class> <!-- testDemo1.Automation1 -->
    </test> <!-- Default test -->
  </suite> <!-- Default suite -->
</testng-results>
