<?xml version="1.0" encoding="UTF-8"?>
<!-- Generated by org.testng.reporters.JUnitXMLReporter -->
<testsuite ignored="0" hostname="LAPTOP-61BL446C" failures="0" tests="3" name="Default test" time="56.535" errors="0" timestamp="2025-08-18T16:34:27 IST">
  <testcase classname="excel_Integration.Excel_Test" name="loginTest" time="8.025"/>
  <testcase classname="excel_Integration.Excel_Test" name="loginTest" time="4.414"/>
  <testcase classname="excel_Integration.Excel_Test" name="loginTest" time="3.914"/>
</testsuite> <!-- Default test -->
