<?xml version="1.0" encoding="UTF-8"?>
<!-- Generated by org.testng.reporters.JUnitXMLReporter -->
<testsuite ignored="0" hostname="LAPTOP-61BL446C" failures="0" tests="4" name="Test" time="23.666" errors="0" timestamp="2025-08-13T13:02:11 IST">
  <testcase classname="testDemo1.AnnotationDemo" name="verifyPage" time="0.017"/>
  <testcase classname="testDemo1.AnnotationDemo" name="loginTest" time="0.771"/>
  <testcase classname="testDemo1.Automation1" name="RegisterUser" time="6.232"/>
  <testcase classname="testDemo1.Automation1" name="launchGoogle" time="1.212"/>
</testsuite> <!-- Test -->
