<?xml version="1.0" encoding="UTF-8"?>
<testng-results ignored="0" total="9" passed="9" failed="0" skipped="0">
  <reporter-output>
  </reporter-output>
  <suite started-at="2025-08-17T23:46:03 IST" name="Default suite" finished-at="2025-08-17T23:46:12 IST" duration-ms="8339">
    <groups>
    </groups>
    <test started-at="2025-08-17T23:46:03 IST" name="Default test" finished-at="2025-08-17T23:46:12 IST" duration-ms="8339">
      <class name="demoQA.DemoQA">
        <test-method is-config="true" signature="setUp()[pri:0, instance:demoQA.DemoQA@7e6f74c]" started-at="2025-08-17T23:46:03 IST" name="setUp" finished-at="2025-08-17T23:46:10 IST" duration-ms="6508" status="PASS">
          <reporter-output>
          </reporter-output>
        </test-method> <!-- setUp -->
        <test-method signature="formTestingName()[pri:1, instance:demoQA.DemoQA@7e6f74c]" started-at="2025-08-17T23:46:10 IST" name="formTestingName" finished-at="2025-08-17T23:46:10 IST" duration-ms="229" status="PASS">
          <reporter-output>
          </reporter-output>
        </test-method> <!-- formTestingName -->
        <test-method signature="formTestingEmail()[pri:2, instance:demoQA.DemoQA@7e6f74c]" started-at="2025-08-17T23:46:10 IST" name="formTestingEmail" finished-at="2025-08-17T23:46:10 IST" duration-ms="128" status="PASS">
          <reporter-output>
          </reporter-output>
        </test-method> <!-- formTestingEmail -->
        <test-method signature="formTestingGender()[pri:3, instance:demoQA.DemoQA@7e6f74c]" started-at="2025-08-17T23:46:10 IST" name="formTestingGender" finished-at="2025-08-17T23:46:10 IST" duration-ms="95" status="PASS">
          <reporter-output>
          </reporter-output>
        </test-method> <!-- formTestingGender -->
        <test-method signature="formTestingNumber()[pri:4, instance:demoQA.DemoQA@7e6f74c]" started-at="2025-08-17T23:46:10 IST" name="formTestingNumber" finished-at="2025-08-17T23:46:10 IST" duration-ms="215" status="PASS">
          <reporter-output>
          </reporter-output>
        </test-method> <!-- formTestingNumber -->
        <test-method signature="formTestingDOB()[pri:5, instance:demoQA.DemoQA@7e6f74c]" started-at="2025-08-17T23:46:10 IST" name="formTestingDOB" finished-at="2025-08-17T23:46:11 IST" duration-ms="373" status="PASS">
          <reporter-output>
          </reporter-output>
        </test-method> <!-- formTestingDOB -->
        <test-method signature="formTestingSubjects()[pri:6, instance:demoQA.DemoQA@7e6f74c]" started-at="2025-08-17T23:46:11 IST" name="formTestingSubjects" finished-at="2025-08-17T23:46:11 IST" duration-ms="321" status="PASS">
          <reporter-output>
          </reporter-output>
        </test-method> <!-- formTestingSubjects -->
        <test-method signature="formTestingCheckBox()[pri:7, instance:demoQA.DemoQA@7e6f74c]" started-at="2025-08-17T23:46:11 IST" name="formTestingCheckBox" finished-at="2025-08-17T23:46:11 IST" duration-ms="193" status="PASS">
          <reporter-output>
          </reporter-output>
        </test-method> <!-- formTestingCheckBox -->
        <test-method signature="formTestingUploadPicture()[pri:8, instance:demoQA.DemoQA@7e6f74c]" started-at="2025-08-17T23:46:11 IST" name="formTestingUploadPicture" finished-at="2025-08-17T23:46:11 IST" duration-ms="66" status="PASS">
          <reporter-output>
          </reporter-output>
        </test-method> <!-- formTestingUploadPicture -->
        <test-method signature="formTestingAddress()[pri:9, instance:demoQA.DemoQA@7e6f74c]" started-at="2025-08-17T23:46:11 IST" name="formTestingAddress" finished-at="2025-08-17T23:46:12 IST" duration-ms="133" status="PASS">
          <reporter-output>
          </reporter-output>
        </test-method> <!-- formTestingAddress -->
      </class> <!-- demoQA.DemoQA -->
    </test> <!-- Default test -->
  </suite> <!-- Default suite -->
</testng-results>
