<?xml version="1.0" encoding="UTF-8"?>
<!-- Generated by org.testng.reporters.JUnitXMLReporter -->
<testsuite ignored="0" hostname="LAPTOP-61BL446C" failures="0" tests="9" name="Default test" time="8.339" errors="0" timestamp="2025-08-17T23:46:12 IST">
  <testcase classname="demoQA.DemoQA" name="formTestingName" time="0.229"/>
  <testcase classname="demoQA.DemoQA" name="formTestingEmail" time="0.128"/>
  <testcase classname="demoQA.DemoQA" name="formTestingGender" time="0.095"/>
  <testcase classname="demoQA.DemoQA" name="formTestingNumber" time="0.215"/>
  <testcase classname="demoQA.DemoQA" name="formTestingDOB" time="0.373"/>
  <testcase classname="demoQA.DemoQA" name="formTestingSubjects" time="0.321"/>
  <testcase classname="demoQA.DemoQA" name="formTestingCheckBox" time="0.193"/>
  <testcase classname="demoQA.DemoQA" name="formTestingUploadPicture" time="0.066"/>
  <testcase classname="demoQA.DemoQA" name="formTestingAddress" time="0.133"/>
</testsuite> <!-- Default test -->
