<?xml version="1.0" encoding="UTF-8"?>
<!-- Generated by org.testng.reporters.JUnitXMLReporter -->
<testsuite ignored="0" hostname="LAPTOP-61BL446C" failures="0" tests="3" name="test1" time="30.181" errors="0" timestamp="2025-08-18T16:39:26 IST">
  <testcase classname="excel_Integration.Excel_Test" name="loginTest" time="2.641"/>
  <testcase classname="excel_Integration.Excel_Test" name="loginTest" time="2.436"/>
  <testcase classname="excel_Integration.Excel_Test" name="loginTest" time="1.971"/>
</testsuite> <!-- test1 -->
