<?xml version="1.0" encoding="UTF-8"?>
<testng-results ignored="0" total="6" passed="6" failed="0" skipped="0">
  <reporter-output>
  </reporter-output>
  <suite started-at="2025-08-13T16:13:06 IST" name="Default suite" finished-at="2025-08-13T16:13:16 IST" duration-ms="9988">
    <groups>
    </groups>
    <test started-at="2025-08-13T16:13:06 IST" name="Default test" finished-at="2025-08-13T16:13:16 IST" duration-ms="9988">
      <class name="DemoWebShop.DemoWebShop_Testing">
        <test-method is-config="true" signature="beforeTest()[pri:0, instance:DemoWebShop.DemoWebShop_Testing@1573f9fc]" started-at="2025-08-13T16:13:06 IST" name="beforeTest" finished-at="2025-08-13T16:13:06 IST" duration-ms="16" status="PASS">
          <reporter-output>
          </reporter-output>
        </test-method> <!-- beforeTest -->
        <test-method signature="launchBrowser()[pri:1, instance:DemoWebShop.DemoWebShop_Testing@1573f9fc]" started-at="2025-08-13T16:13:06 IST" name="launchBrowser" finished-at="2025-08-13T16:13:09 IST" duration-ms="2762" status="PASS">
          <reporter-output>
          </reporter-output>
        </test-method> <!-- launchBrowser -->
        <test-method signature="loginUser()[pri:2, instance:DemoWebShop.DemoWebShop_Testing@1573f9fc]" started-at="2025-08-13T16:13:09 IST" name="loginUser" finished-at="2025-08-13T16:13:14 IST" duration-ms="4535" status="PASS">
          <reporter-output>
          </reporter-output>
        </test-method> <!-- loginUser -->
        <test-method signature="goToElectronics()[pri:3, instance:DemoWebShop.DemoWebShop_Testing@1573f9fc]" started-at="2025-08-13T16:13:14 IST" name="goToElectronics" finished-at="2025-08-13T16:13:15 IST" duration-ms="882" status="PASS">
          <reporter-output>
          </reporter-output>
        </test-method> <!-- goToElectronics -->
        <test-method signature="goToCamera()[pri:4, instance:DemoWebShop.DemoWebShop_Testing@1573f9fc]" started-at="2025-08-13T16:13:15 IST" name="goToCamera" finished-at="2025-08-13T16:13:15 IST" duration-ms="737" status="PASS">
          <reporter-output>
          </reporter-output>
        </test-method> <!-- goToCamera -->
        <test-method signature="selectingItem()[pri:5, instance:DemoWebShop.DemoWebShop_Testing@1573f9fc]" started-at="2025-08-13T16:13:15 IST" name="selectingItem" finished-at="2025-08-13T16:13:16 IST" duration-ms="873" status="PASS">
          <reporter-output>
          </reporter-output>
        </test-method> <!-- selectingItem -->
        <test-method signature="addToCart()[pri:6, instance:DemoWebShop.DemoWebShop_Testing@1573f9fc]" started-at="2025-08-13T16:13:16 IST" name="addToCart" finished-at="2025-08-13T16:13:16 IST" duration-ms="98" status="PASS">
          <reporter-output>
          </reporter-output>
        </test-method> <!-- addToCart -->
      </class> <!-- DemoWebShop.DemoWebShop_Testing -->
    </test> <!-- Default test -->
  </suite> <!-- Default suite -->
</testng-results>
